2019-12-08 21:55:43,069 [main] console : INFO - Loading murex/mxres/common/mxproperties.mxres from file server http://mx21483vm:25000/murex.download.mx.download
2019-12-08 21:55:43,070 [main] console : INFO - Loading public/mxres/common/mxproperties.mxres from file server http://mx21483vm:25000/murex.download.mx.download
2019-12-08 21:55:43,071 [main] console : INFO - Loading public/mxres/common/properties.mxres from file server http://mx21483vm:25000/murex.download.mx.download
2019-12-08 21:55:43,074 [main] console : INFO - Loading murex\mxres\mxsession\client\gui_cnf.mxres from file server http://mx21483vm:25000/murex.download.mx.download
2019-12-08 21:55:43,105 [main] console : INFO - Loading murex/mxres/mxsession/client/utf8_exceptions.mxres from file server http://mx21483vm:25000/murex.download.mx.download
2019-12-08 21:55:43,106 [main] console : INFO - Loading public/odr/lte.mxres from file server http://mx21483vm:25000/murex.download.mx.download
2019-12-08 21:55:43,108 [main] console : INFO - Loading public\mxres\common\dbconfig\nativesettings.mxres from file server http://mx21483vm:25000/murex.download.mx.download
2019-12-08 21:55:43,158 [main] console : INFO - Loading license\MXSESSION_customerrights.mxres from file server http://mx21483vm:25000/murex.download.mx.download
2019-12-08 21:55:43,191 [main] console : INFO - Loading public/mxres/loggers/mxnative_logger.mxres from file server http://mx21483vm:25000/murex.download.mx.download
2019-12-08 21:55:43,294 [main] console : INFO - Loading public/odr/attachments.mxres from file server http://mx21483vm:25000/murex.download.mx.download
2019-12-08 21:55:43,411 [main] console : INFO - Loading public/mxres/mxlock/mxlock.mxres from file server http://mx21483vm:25000/murex.download.mx.download
2019-12-08 21:55:43,413 [main] console : INFO - Loading public/mxres/mxdispatcher/location.mxres from file server http://mx21483vm:25000/murex.download.mx.download
2019-12-08 21:55:43,486 [main] console : INFO - Loading public/mxres/common/rights.mxres from file server http://mx21483vm:25000/murex.download.mx.download
2019-12-08 21:55:43,652 [main] console : INFO - Loading license/customerrights.mxres from file server http://mx21483vm:25000/murex.download.mx.download
2019-12-08 21:55:43,664 [main] console : INFO - Loading public/mxres/common/rights.mxres from file server http://mx21483vm:25000/murex.download.mx.download
2019-12-08 21:55:43,724 [main] console : INFO - Listing murex/mxres/common/dbconfig from file server http://mx21483vm:25000/murex.download.mx.download
2019-12-08 21:55:43,747 [main] console : INFO - Loading murex/mxres/common/dbconfig/dblogicalsourcemapping.mxres from file server http://mx21483vm:25000/murex.download.mx.download
2019-12-08 21:55:43,747 [main] console : INFO - Loading public/mxres/common/dbconfig/dblogicalsourcemapping.mxres from file server http://mx21483vm:25000/murex.download.mx.download
2019-12-08 21:55:43,749 [main] console : INFO - Loading public/mxres/common/dbconfig/dbsourcemapping.mxres from file server http://mx21483vm:25000/murex.download.mx.download
2019-12-08 21:55:43,749 [main] console : INFO - Loading public/mxres/common/dbconfig/dbsource.mxres from file server http://mx21483vm:25000/murex.download.mx.download
2019-12-08 21:55:43,754 [main] console : INFO - Loading public/mxres/common/dbconfig/dbsourcerep.mxres from file server http://mx21483vm:25000/murex.download.mx.download
2019-12-08 21:55:43,755 [main] console : INFO - Listing public/mxres/common/dbconfig from file server http://mx21483vm:25000/murex.download.mx.download
2019-12-08 21:55:43,757 [main] console : INFO - Listing murex/mxres/common/dbconfig from file server http://mx21483vm:25000/murex.download.mx.download
2019-12-08 21:55:43,796 [main] console : INFO - Loading license\customerrights.mxres from file server http://mx21483vm:25000/murex.download.mx.download
2019-12-08 21:55:43,798 [main] console : INFO - Loading license\MXSESSION_customerrights.mxres from file server http://mx21483vm:25000/murex.download.mx.download
2019-12-08 21:55:44,171 [main] console : INFO - Loading public/mxres/mxviewer/config.mxres from file server http://mx21483vm:25000/murex.download.mx.download
2019-12-08 21:55:44,172 [main] console : INFO - Loading public/mxres/mxviewer/qaconfig.mxres from file server http://mx21483vm:25000/murex.download.mx.download
2019-12-08 21:55:45,108 [main] console : INFO - Loading public/mxres/common/methodfactory/assignments.mxres from file server http://mx21483vm:25000/murex.download.mx.download
2019-12-08 21:55:45,109 [main] console : INFO - Loading murex/mxres/common/methodfactory/methodfactory.mxres from file server http://mx21483vm:25000/murex.download.mx.download
2019-12-08 21:55:45,110 [main] console : INFO - Loading public/mxres/common/methodfactory/methodfactory.mxres from file server http://mx21483vm:25000/murex.download.mx.download
2019-12-08 21:55:45,110 [main] console : INFO - Loading murex/mxres/common/methodfactory/snippets_actions.mxres from file server http://mx21483vm:25000/murex.download.mx.download
2019-12-08 21:55:45,111 [main] console : INFO - Loading murex/mxres/common/methodfactory/classifications.mxres from file server http://mx21483vm:25000/murex.download.mx.download
2019-12-08 21:55:45,118 [main] console : INFO - Loading public/mxres/common/methodfactory/assignments.mxres from file server http://mx21483vm:25000/murex.download.mx.download
2019-12-08 21:55:45,119 [main] console : INFO - Loading murex/mxres/common/methodfactory/methodfactory.mxres from file server http://mx21483vm:25000/murex.download.mx.download
2019-12-08 21:55:45,119 [main] console : INFO - Loading public/mxres/common/methodfactory/methodfactory.mxres from file server http://mx21483vm:25000/murex.download.mx.download
2019-12-08 21:55:45,120 [main] console : INFO - Loading murex/mxres/common/methodfactory/snippets_actions.mxres from file server http://mx21483vm:25000/murex.download.mx.download
2019-12-08 21:55:45,120 [main] console : INFO - Loading murex/mxres/common/methodfactory/classifications.mxres from file server http://mx21483vm:25000/murex.download.mx.download
2019-12-08 21:55:45,121 [main] console : INFO - Loading public/mxres/common/methodfactory/assignments.mxres from file server http://mx21483vm:25000/murex.download.mx.download
2019-12-08 21:55:45,121 [main] console : INFO - Loading murex/mxres/common/methodfactory/methodfactory.mxres from file server http://mx21483vm:25000/murex.download.mx.download
2019-12-08 21:55:45,122 [main] console : INFO - Loading public/mxres/common/methodfactory/methodfactory.mxres from file server http://mx21483vm:25000/murex.download.mx.download
2019-12-08 21:55:45,122 [main] console : INFO - Loading murex/mxres/common/methodfactory/snippets_actions.mxres from file server http://mx21483vm:25000/murex.download.mx.download
2019-12-08 21:55:45,123 [main] console : INFO - Loading murex/mxres/common/methodfactory/classifications.mxres from file server http://mx21483vm:25000/murex.download.mx.download
2019-12-08 21:55:45,144 [main] console : INFO - Loading murex/mxres/pgop/cached-producers.mxres from file server http://mx21483vm:25000/murex.download.mx.download
2019-12-08 21:55:45,145 [main] console : INFO - Loading public/mxres/pgop/cached-producers.mxres from file server http://mx21483vm:25000/murex.download.mx.download
2019-12-08 21:55:45,434 [main] console : INFO - Loading public/mxres/common/scannerengines.mxres from file server http://mx21483vm:25000/murex.download.mx.download
2019-12-08 21:55:45,436 [main] console : INFO - Loading license\MXMLC_customerrights.mxres from file server http://mx21483vm:25000/murex.download.mx.download
2019-12-08 21:55:45,438 [main] console : INFO - Loading license\MXMLC_customerrights.mxres from file server http://mx21483vm:25000/murex.download.mx.download
2019-12-08 21:55:45,440 [main] console : INFO - Loading license\MXMLC_customerrights.mxres from file server http://mx21483vm:25000/murex.download.mx.download
